<?xml version="1.0" encoding="UTF-8"?>
<!-- Generated by org.testng.reporters.JUnitReportReporter -->
<testsuite hostname="DESKTOP-57QL2OO" failures="0" tests="1" name="scenario.test.scripts.ScenarioThree" time="4.073" errors="0" timestamp="2023-07-15T22:07:41 IST" skipped="0">
  <testcase classname="scenario.test.scripts.ScenarioThree" name="scenarioTwoTest" time="4.073"/>
</testsuite> <!-- scenario.test.scripts.ScenarioThree -->
