<?xml version="1.0" encoding="UTF-8"?>
<!-- Generated by org.testng.reporters.JUnitReportReporter -->
<testsuite hostname="DESKTOP-57QL2OO" failures="0" tests="1" name="scenario.test.scripts.ScenarioTwo" time="8.081" errors="0" timestamp="2023-07-15T22:06:55 IST" skipped="0">
  <testcase classname="scenario.test.scripts.ScenarioTwo" name="scenarioTwoTest" time="8.081"/>
</testsuite> <!-- scenario.test.scripts.ScenarioTwo -->
